C51 COMPILER V9.60.0.0   MAIN                                                              04/13/2020 03:35:04 PAGE 1   


C51 COMPILER V9.60.0.0, COMPILATION OF MODULE MAIN
OBJECT MODULE PLACED IN main.OBJ
COMPILER INVOKED BY: E:\Courses\8051\Keil\Install\C51\BIN\C51.EXE main.c OPTIMIZE(8,SPEED) BROWSE DEBUG OBJECTEXTEND TAB
                    -S(2)

line level    source

   1          //#include <REG51.H>
   2          #include <reg51.h>
   3          //#include <8051.h>
   4          #include "lcd.h"
   5          #include "delay.h"
   6          
   7          //Port Decleration
   8          //port zero
   9          sbit pin1 = P0^0;
  10          sbit pin2 = P0^1;
  11          sbit pin3= P0^2;
  12          sbit pin4 = P0^3;
  13          sbit pin5 = P0^4;
  14          sbit pin6 = P0^5;
  15          sbit pin7 = P0^6;
  16          //sbitpin8 = P0^7; GND
  17          
  18          //port 2
  19          sbit pin9 = P2^0;
  20          sbit pin10 = P2^1;
  21          sbit pin11 = P2^2;
  22          sbit pin12 = P2^3;
  23          sbit pin13 = P2^4;
  24          sbit pin14 = P2^5;
  25          sbit pin15 = P2^6;
  26          //sbitpin16 = P2^7; VCC
  27          
  28          
  29          void IC_74265();
  30          void IC_4098();
  31          void IC_74206();
  32          //void (*fun_ptr_arr[3])();
  33          void (*fun_ptr_arr[3])() = {IC_74265, IC_4098, IC_74206};
  34          unsigned char Flag = 0;
  35          //int flag =0;
  36          
  37          void main (void)                  //main function
  38          {
  39   1       Data_lines=LOW;            //Pulling PORT1 LOW
  40   1       PORT2=LOW;                   //Pulling PORT2 LOW
  41   1       LCD_Init();
  42   1       
  43   1       //(*fun_ptr_arr[3])() = {IC_74265, IC_4098, IC_74206};
  44   1       
  45   1        LCD_displayStringRowColumn(0, 7, "Welcome", 7);
  46   1        LCD_displayStringRowColumn(1, 2, "IC Tester Project", 17);
  47   1        //LCD_displayStringRowColumn(2, 5, "Project", 7);
  48   1        delay_time(2000);
  49   1        //LCD_Clear();
  50   1        //(*fun_ptr_arr[0])();
  51   1        //(*fun_ptr_arr[1])();
  52   1        
  53   1        while(1)
  54   1        {
C51 COMPILER V9.60.0.0   MAIN                                                              04/13/2020 03:35:04 PAGE 2   

  55   2        IC_4098();
  56   2        }
  57   1      }
  58          
  59          
  60          void IC_4098()
  61          { 
  62   1        pin9 = 1;
  63   1        pin11 = 1;
  64   1        pin13 = 1;
  65   1        
  66   1        pin6 = 1; // Q_the output of first IC
  67   1        pin14 = 1; // Q_the output of second IC
  68   1        pin4 = 1; // +ve trigger of fist IC
  69   1        if((pin6 == 1) && (Flag == 0))
  70   1        {
  71   2          pin12 = 1; // +ve trigger of second IC
  72   2          if((pin14 == 1))
  73   2          {
  74   3            LCD_Clear();
  75   3            LCD_displayStringRowColumn(0, 7, "Found IC", 8);
  76   3            LCD_displayStringRowColumn(1, 5, "It's 4098 IC", 12);
  77   3            delay_time(1000);
  78   3            Flag = 1;
  79   3          }
  80   2          else
  81   2          {
  82   3            LCD_Clear();
  83   3            LCD_displayStringRowColumn(0, 6, "Unknown IC", 10);
  84   3          }
  85   2        
  86   2        }
  87   1        else if(Flag == 1)
  88   1        {
  89   2          LCD_Clear();
  90   2          LCD_displayStringRowColumn(0, 6, "Unknown IC", 10);
  91   2          delay_time(2000);
  92   2        }
  93   1        
  94   1        pin4 = 0;
  95   1        pin12 = 0;
  96   1      }
  97          
  98          
  99          void IC_74265()
 100          {
 101   1      
 102   1      }
 103          
 104          
 105          void IC_74206()
 106          {
 107   1      
 108   1      }


MODULE INFORMATION:   STATIC OVERLAYABLE
   CODE SIZE        =    201    ----
   CONSTANT SIZE    =     59    ----
   XDATA SIZE       =   ----    ----
   PDATA SIZE       =   ----    ----
   DATA SIZE        =     10    ----
C51 COMPILER V9.60.0.0   MAIN                                                              04/13/2020 03:35:04 PAGE 3   

   IDATA SIZE       =   ----    ----
   BIT SIZE         =   ----    ----
END OF MODULE INFORMATION.


C51 COMPILATION COMPLETE.  0 WARNING(S),  0 ERROR(S)
